00000000000i[      ] Bochs x86 Emulator 2.7
00000000000i[      ]   Built from SVN snapshot on August  1, 2021
00000000000i[      ]   Timestamp: Sun Aug  1 10:07:00 CEST 2021
00000000000i[      ] System configuration
00000000000i[      ]   processors: 1 (cores=1, HT threads=1)
00000000000i[      ]   A20 line support: yes
00000000000i[      ] IPS is set to 10000000
00000000000i[      ] CPU configuration
00000000000i[      ]   SMP support: no
00000000000i[      ]   level: 6
00000000000i[      ]   APIC support: xapic
00000000000i[      ]   FPU support: yes
00000000000i[      ]   MMX support: yes
00000000000i[      ]   3dnow! support: no
00000000000i[      ]   SEP support: yes
00000000000i[      ]   SIMD support: sse2
00000000000i[      ]   XSAVE support: no 
00000000000i[      ]   AES support: no
00000000000i[      ]   SHA support: no
00000000000i[      ]   MOVBE support: no
00000000000i[      ]   ADX support: no
00000000000i[      ]   x86-64 support: no
00000000000i[      ]   MWAIT support: yes
00000000000i[      ] Optimization configuration
00000000000i[      ]   RepeatSpeedups support: no
00000000000i[      ]   Fast function calls: no
00000000000i[      ]   Handlers Chaining speedups: no
00000000000i[      ] Devices configuration
00000000000i[      ]   PCI support: i440FX i430FX i440BX
00000000000i[      ]   Networking: no
00000000000i[      ]   Sound support: no
00000000000i[      ]   USB support: no
00000000000i[      ]   VGA extension support: vbe
00000000000i[IMG   ] Disk image modules
00000000000i[IMG   ]   flat concat sparse dll growing undoable volatile vmware3
00000000000i[IMG   ]   vmware4 vbox vpc vvfat
00000000000i[MEM0  ] allocated memory at 0x7ff8d9527010. after alignment, vector=0x7ff8d9528000
00000000000i[MEM0  ] 32.00MB
00000000000i[MEM0  ] mem block size = 0x00020000, blocks=256
00000000000i[MEM0  ] rom at 0xfffe0000/131072 ('/usr/local/share/bochs/BIOS-bochs-latest')
00000000000i[DEV   ] will paste characters every 100 iodev timer ticks
00000000000i[PLUGIN] init_dev of 'pci' plugin device by virtual method
00000000000i[DEV   ] i440FX PMC present at device 0, function 0
00000000000i[PLUGIN] init_dev of 'pci2isa' plugin device by virtual method
00000000000i[DEV   ] PIIX3 PCI-to-ISA bridge present at device 1, function 0
00000000000i[PLUGIN] init_dev of 'cmos' plugin device by virtual method
00000000000i[CMOS  ] Using local time for initial clock
00000000000i[CMOS  ] Setting initial clock to: Sun Feb 11 05:50:47 2024 (time0=1707630647)
00000000000i[PLUGIN] init_dev of 'dma' plugin device by virtual method
00000000000i[DMA   ] channel 4 used by cascade
00000000000i[PLUGIN] init_dev of 'pic' plugin device by virtual method
00000000000i[PLUGIN] init_dev of 'pit' plugin device by virtual method
00000000000i[PIT   ] PIT using realtime synchronisation method
00000000000i[PLUGIN] init_dev of 'vga' plugin device by virtual method
00000000000i[MEM0  ] Register memory access handlers: 0x0000000a0000 - 0x0000000bffff
00000000000i[VGA   ] interval=200000, mode=realtime
00000000000i[VGA   ] VSYNC using realtime mode
00000000000i[MEM0  ] Register memory access handlers: 0x0000e0000000 - 0x0000e0ffffff
00000000000i[BXVGA ] VBE Bochs Display Extension Enabled
00000000000i[MEM0  ] rom at 0xc0000/38400 ('/usr/local/share/bochs/VGABIOS-lgpl-latest')
00000000000i[PLUGIN] init_dev of 'floppy' plugin device by virtual method
00000000000i[DMA   ] channel 2 used by Floppy Drive
00000000000i[FLOPPY] Using boot sequence disk, none, none
00000000000i[FLOPPY] Floppy boot signature check is enabled
00000000000i[PLUGIN] init_dev of 'acpi' plugin device by virtual method
00000000000i[DEV   ] ACPI Controller present at device 1, function 3
00000000000i[PLUGIN] init_dev of 'hpet' plugin device by virtual method
00000000000i[HPET  ] initializing HPET
00000000000i[MEM0  ] Register memory access handlers: 0x0000fed00000 - 0x0000fed003ff
00000000000i[PLUGIN] init_dev of 'ioapic' plugin device by virtual method
00000000000i[IOAPIC] initializing I/O APIC
00000000000i[MEM0  ] Register memory access handlers: 0x0000fec00000 - 0x0000fec00fff
00000000000i[IOAPIC] IOAPIC enabled (base address = 0xfec00000)
00000000000i[PLUGIN] init_dev of 'keyboard' plugin device by virtual method
00000000000i[PLUGIN] init_dev of 'harddrv' plugin device by virtual method
00000000000i[HD    ] HD on ata0-0: './obj/boot/bochs.img', 'flat' mode
00000000000i[IMG   ] hd_size: 5120000
00000000000i[HD    ] ata0-0: using specified geometry: CHS=100/10/10 (sector size=512)
00000000000i[HD    ] translation on ata0-0 set to 'none'
00000000000i[PLUGIN] init_dev of 'pci_ide' plugin device by virtual method
00000000000i[DEV   ] PIIX3 PCI IDE controller present at device 1, function 1
00000000000i[PLUGIN] init_dev of 'unmapped' plugin device by virtual method
00000000000i[PLUGIN] init_dev of 'biosdev' plugin device by virtual method
00000000000i[PLUGIN] init_dev of 'speaker' plugin device by virtual method
00000000000i[PCSPK ] Using /dev/console for output
00000000000i[PLUGIN] init_dev of 'extfpuirq' plugin device by virtual method
00000000000i[PLUGIN] init_dev of 'parallel' plugin device by virtual method
00000000000i[PAR   ] parallel port 1 at 0x0378 irq 7
00000000000i[PLUGIN] init_dev of 'serial' plugin device by virtual method
00000000000i[SER   ] com1 at 0x03f8 irq 4 (mode: null)
00000000000i[PLUGIN] register state of 'pci' plugin device by virtual method
00000000000i[PLUGIN] register state of 'pci2isa' plugin device by virtual method
00000000000i[PLUGIN] register state of 'cmos' plugin device by virtual method
00000000000i[PLUGIN] register state of 'dma' plugin device by virtual method
00000000000i[PLUGIN] register state of 'pic' plugin device by virtual method
00000000000i[PLUGIN] register state of 'pit' plugin device by virtual method
00000000000i[PLUGIN] register state of 'vga' plugin device by virtual method
00000000000i[PLUGIN] register state of 'floppy' plugin device by virtual method
00000000000i[PLUGIN] register state of 'unmapped' plugin device by virtual method
00000000000i[PLUGIN] register state of 'biosdev' plugin device by virtual method
00000000000i[PLUGIN] register state of 'speaker' plugin device by virtual method
00000000000i[PLUGIN] register state of 'extfpuirq' plugin device by virtual method
00000000000i[PLUGIN] register state of 'parallel' plugin device by virtual method
00000000000i[PLUGIN] register state of 'serial' plugin device by virtual method
00000000000i[PLUGIN] register state of 'acpi' plugin device by virtual method
00000000000i[PLUGIN] register state of 'hpet' plugin device by virtual method
00000000000i[PLUGIN] register state of 'ioapic' plugin device by virtual method
00000000000i[PLUGIN] register state of 'keyboard' plugin device by virtual method
00000000000i[PLUGIN] register state of 'harddrv' plugin device by virtual method
00000000000i[PLUGIN] register state of 'pci_ide' plugin device by virtual method
00000000000i[SYS   ] bx_pc_system_c::Reset(HARDWARE) called
00000000000i[CPU0  ] cpu hardware reset
00000000000i[APIC0 ] allocate APIC id=0 (MMIO enabled) to 0x0000fee00000
00000000000i[CPU0  ] CPUID[0x00000000]: 00000005 756e6547 6c65746e 49656e69
00000000000i[CPU0  ] CPUID[0x00000001]: 00000633 00010800 00000008 0fcbfbff
00000000000i[CPU0  ] CPUID[0x00000002]: 00410601 00000000 00000000 00000000
00000000000i[CPU0  ] CPUID[0x00000003]: 00000000 00000000 00000000 00000000
00000000000i[CPU0  ] CPUID[0x00000004]: 00000000 00000000 00000000 00000000
00000000000i[CPU0  ] CPUID[0x00000005]: 00000040 00000040 00000003 00000020
00000000000i[CPU0  ] CPUID[0x80000000]: 80000008 00000000 00000000 00000000
00000000000i[CPU0  ] CPUID[0x80000001]: 00000000 00000000 00000000 00000000
00000000000i[CPU0  ] CPUID[0x80000002]: 20202020 20202020 20202020 6e492020
00000000000i[CPU0  ] CPUID[0x80000003]: 286c6574 50202952 69746e65 52286d75
00000000000i[CPU0  ] CPUID[0x80000004]: 20342029 20555043 20202020 00202020
00000000000i[CPU0  ] CPUID[0x80000005]: 01ff01ff 01ff01ff 40020140 40020140
00000000000i[CPU0  ] CPUID[0x80000006]: 00000000 42004200 02008140 00000000
00000000000i[CPU0  ] CPUID[0x80000007]: 00000000 00000000 00000000 00000000
00000000000i[CPU0  ] CPUID[0x80000008]: 00002028 00000000 00000000 00000000
00000000000i[CPU0  ] CPU Features supported:
00000000000i[CPU0  ] 		x87
00000000000i[CPU0  ] 		486ni
00000000000i[CPU0  ] 		pentium_ni
00000000000i[CPU0  ] 		p6ni
00000000000i[CPU0  ] 		mmx
00000000000i[CPU0  ] 		debugext
00000000000i[CPU0  ] 		vme
00000000000i[CPU0  ] 		pse
00000000000i[CPU0  ] 		pae
00000000000i[CPU0  ] 		pge
00000000000i[CPU0  ] 		pse36
00000000000i[CPU0  ] 		mtrr
00000000000i[CPU0  ] 		pat
00000000000i[CPU0  ] 		sysenter_sysexit
00000000000i[CPU0  ] 		clflush
00000000000i[CPU0  ] 		sse
00000000000i[CPU0  ] 		sse2
00000000000i[CPU0  ] 		mwait
00000000000i[CPU0  ] 		xapic
00000000000i[PLUGIN] reset of 'pci' plugin device by virtual method
00000000000i[PLUGIN] reset of 'pci2isa' plugin device by virtual method
00000000000i[PLUGIN] reset of 'cmos' plugin device by virtual method
00000000000i[PLUGIN] reset of 'dma' plugin device by virtual method
00000000000i[PLUGIN] reset of 'pic' plugin device by virtual method
00000000000i[PLUGIN] reset of 'pit' plugin device by virtual method
00000000000i[PLUGIN] reset of 'vga' plugin device by virtual method
00000000000i[PLUGIN] reset of 'floppy' plugin device by virtual method
00000000000i[PLUGIN] reset of 'acpi' plugin device by virtual method
00000000000i[PLUGIN] reset of 'hpet' plugin device by virtual method
00000000000i[PLUGIN] reset of 'ioapic' plugin device by virtual method
00000000000i[PLUGIN] reset of 'keyboard' plugin device by virtual method
00000000000i[PLUGIN] reset of 'harddrv' plugin device by virtual method
00000000000i[PLUGIN] reset of 'pci_ide' plugin device by virtual method
00000000000i[PLUGIN] reset of 'unmapped' plugin device by virtual method
00000000000i[PLUGIN] reset of 'biosdev' plugin device by virtual method
00000000000i[PLUGIN] reset of 'speaker' plugin device by virtual method
00000000000i[PLUGIN] reset of 'extfpuirq' plugin device by virtual method
00000000000i[PLUGIN] reset of 'parallel' plugin device by virtual method
00000000000i[PLUGIN] reset of 'serial' plugin device by virtual method
00000004662i[BIOS  ] $Revision: 14314 $ $Date: 2021-07-14 18:10:19 +0200 (Wed, 14 Jul 2021) $
00000320070i[KBD   ] reset-disable command received
00000325816i[BIOS  ] Starting rombios32
00000326254i[BIOS  ] Shutdown flag 0
00000326852i[BIOS  ] ram_size=0x02000000
00000327284i[BIOS  ] ram_end=32MB
00001239112i[BIOS  ] Found 1 cpu(s)
00001252765i[BIOS  ] bios_table_addr: 0x000f9d98 end=0x000fcc00
00001580581i[PCI   ] i440FX PMC write to PAM register 59 (TLB Flush)
00001908516i[P2ISA ] PCI IRQ routing: PIRQA# set to 0x0b
00001908540i[P2ISA ] PCI IRQ routing: PIRQB# set to 0x09
00001908564i[P2ISA ] PCI IRQ routing: PIRQC# set to 0x0b
00001908588i[P2ISA ] PCI IRQ routing: PIRQD# set to 0x09
00001908598i[P2ISA ] write: ELCR2 = 0x0a
00001909367i[BIOS  ] PIIX3/PIIX4 init: elcr=00 0a
00001922989i[BIOS  ] PCI: bus=0 devfn=0x00: vendor_id=0x8086 device_id=0x1237 class=0x0600
00001925333i[BIOS  ] PCI: bus=0 devfn=0x08: vendor_id=0x8086 device_id=0x7000 class=0x0601
00001927516i[BIOS  ] PCI: bus=0 devfn=0x09: vendor_id=0x8086 device_id=0x7010 class=0x0101
00001927751i[PIDE  ] BAR #4: i/o base address = 0xc000
00001928367i[BIOS  ] region 4: 0x0000c000
00001930425i[BIOS  ] PCI: bus=0 devfn=0x0b: vendor_id=0x8086 device_id=0x7113 class=0x0680
00001930701i[ACPI  ] new IRQ line = 11
00001930715i[ACPI  ] new IRQ line = 9
00001930743i[ACPI  ] new PM base address: 0xb000
00001930757i[ACPI  ] new SM base address: 0xb100
00001930785i[PCI   ] setting SMRAM control register to 0x4a
00002094920i[CPU0  ] Enter to System Management Mode
00002094931i[CPU0  ] RSM: Resuming from System Management Mode
00002258987i[PCI   ] setting SMRAM control register to 0x0a
00002285603i[BIOS  ] MP table addr=0x000f9e70 MPC table addr=0x000f9da0 size=0xc8
00002287310i[BIOS  ] SMBIOS table addr=0x000f9e80
00002289399i[BIOS  ] ACPI tables: RSDP addr=0x000f9fa0 ACPI DATA addr=0x01ff0000 size=0xff8
00002292383i[BIOS  ] Firmware waking vector 0x1ff00cc
00002294637i[PCI   ] i440FX PMC write to PAM register 59 (TLB Flush)
00002295367i[BIOS  ] bios_table_cur_addr: 0x000f9fc4
00002413487i[VBIOS ] VGABios $Id: vgabios.c 288 2021-05-28 19:05:28Z vruppert $
00002413558i[BXVGA ] VBE known Display Interface b0c0
00002413590i[BXVGA ] VBE known Display Interface b0c5
00002416233i[VBIOS ] VBE Bios $Id: vbe.c 292 2021-06-03 12:24:22Z vruppert $
00002645003i[BIOS  ] ata0-0: PCHS=100/10/10 translation=none LCHS=100/10/10
00006078613i[BIOS  ] IDE time out
09262809676i[BIOS  ] Booting from 0000:7c00
09932180000i[KBD   ] internal keyboard buffer full, ignoring scancode.(1c)
09932180000i[KBD   ] internal keyboard buffer full, ignoring scancode.(e0)
09932180000i[KBD   ] internal keyboard buffer full, ignoring scancode.(9c)
09955870000i[KBD   ] internal keyboard buffer full, ignoring scancode.(e0)
09955870000i[KBD   ] internal keyboard buffer full, ignoring scancode.(1c)
09955870000i[KBD   ] internal keyboard buffer full, ignoring scancode.(e0)
09955870000i[KBD   ] internal keyboard buffer full, ignoring scancode.(9c)
09975600000i[KBD   ] internal keyboard buffer full, ignoring scancode.(e0)
09975600000i[KBD   ] internal keyboard buffer full, ignoring scancode.(1c)
09975600000i[KBD   ] internal keyboard buffer full, ignoring scancode.(e0)
09975600000i[KBD   ] internal keyboard buffer full, ignoring scancode.(9c)
09999060000i[KBD   ] internal keyboard buffer full, ignoring scancode.(e0)
09999060000i[KBD   ] internal keyboard buffer full, ignoring scancode.(1c)
09999060000i[KBD   ] internal keyboard buffer full, ignoring scancode.(e0)
09999060000i[KBD   ] internal keyboard buffer full, ignoring scancode.(9c)
10022720000i[KBD   ] internal keyboard buffer full, ignoring scancode.(e0)
10022720000i[KBD   ] internal keyboard buffer full, ignoring scancode.(1c)
10022720000i[KBD   ] internal keyboard buffer full, ignoring scancode.(e0)
10022720000i[KBD   ] internal keyboard buffer full, ignoring scancode.(9c)
10048670000i[KBD   ] internal keyboard buffer full, ignoring scancode.(e0)
10048670000i[KBD   ] internal keyboard buffer full, ignoring scancode.(1c)
10048670000i[KBD   ] internal keyboard buffer full, ignoring scancode.(e0)
10048670000i[KBD   ] internal keyboard buffer full, ignoring scancode.(9c)
10078780000i[KBD   ] internal keyboard buffer full, ignoring scancode.(e0)
10078780000i[KBD   ] internal keyboard buffer full, ignoring scancode.(1c)
10078780000i[KBD   ] internal keyboard buffer full, ignoring scancode.(e0)
10078780000i[KBD   ] internal keyboard buffer full, ignoring scancode.(9c)
10101050000i[KBD   ] internal keyboard buffer full, ignoring scancode.(e0)
10101050000i[KBD   ] internal keyboard buffer full, ignoring scancode.(1c)
10101050000i[KBD   ] internal keyboard buffer full, ignoring scancode.(e0)
10101050000i[KBD   ] internal keyboard buffer full, ignoring scancode.(9c)
10122560000i[KBD   ] internal keyboard buffer full, ignoring scancode.(e0)
10122560000i[KBD   ] internal keyboard buffer full, ignoring scancode.(1c)
10122560000i[KBD   ] internal keyboard buffer full, ignoring scancode.(e0)
10122560000i[KBD   ] internal keyboard buffer full, ignoring scancode.(9c)
10147150000i[KBD   ] internal keyboard buffer full, ignoring scancode.(e0)
10147150000i[KBD   ] internal keyboard buffer full, ignoring scancode.(1c)
10147150000i[KBD   ] internal keyboard buffer full, ignoring scancode.(e0)
10147150000i[KBD   ] internal keyboard buffer full, ignoring scancode.(9c)
10166920000i[KBD   ] internal keyboard buffer full, ignoring scancode.(e0)
10166920000i[KBD   ] internal keyboard buffer full, ignoring scancode.(1c)
10166920000i[KBD   ] internal keyboard buffer full, ignoring scancode.(e0)
10166920000i[KBD   ] internal keyboard buffer full, ignoring scancode.(9c)
10186480000i[KBD   ] internal keyboard buffer full, ignoring scancode.(e0)
10186480000i[KBD   ] internal keyboard buffer full, ignoring scancode.(1c)
10186480000i[KBD   ] internal keyboard buffer full, ignoring scancode.(e0)
10186480000i[KBD   ] internal keyboard buffer full, ignoring scancode.(9c)
10293600000i[KBD   ] internal keyboard buffer full, ignoring scancode.(20)
10293600000i[KBD   ] internal keyboard buffer full, ignoring scancode.(a0)
10298380000i[KBD   ] internal keyboard buffer full, ignoring scancode.(1f)
10298380000i[KBD   ] internal keyboard buffer full, ignoring scancode.(9f)
10310710000i[KBD   ] internal keyboard buffer full, ignoring scancode.(25)
10310710000i[KBD   ] internal keyboard buffer full, ignoring scancode.(a5)
10315400000i[KBD   ] internal keyboard buffer full, ignoring scancode.(21)
10315400000i[KBD   ] internal keyboard buffer full, ignoring scancode.(a1)
10320300000i[KBD   ] internal keyboard buffer full, ignoring scancode.(27)
10320300000i[KBD   ] internal keyboard buffer full, ignoring scancode.(a7)
10331780000i[KBD   ] internal keyboard buffer full, ignoring scancode.(1f)
10331780000i[KBD   ] internal keyboard buffer full, ignoring scancode.(9f)
10334060000i[KBD   ] internal keyboard buffer full, ignoring scancode.(26)
10334060000i[KBD   ] internal keyboard buffer full, ignoring scancode.(a6)
10342740000i[KBD   ] internal keyboard buffer full, ignoring scancode.(20)
10342740000i[KBD   ] internal keyboard buffer full, ignoring scancode.(a0)
10347200000i[KBD   ] internal keyboard buffer full, ignoring scancode.(25)
10347200000i[KBD   ] internal keyboard buffer full, ignoring scancode.(a5)
10347650000i[KBD   ] internal keyboard buffer full, ignoring scancode.(21)
10347650000i[KBD   ] internal keyboard buffer full, ignoring scancode.(a1)
10359440000i[KBD   ] internal keyboard buffer full, ignoring scancode.(27)
10359440000i[KBD   ] internal keyboard buffer full, ignoring scancode.(a7)
10363810000i[KBD   ] internal keyboard buffer full, ignoring scancode.(1f)
10363810000i[KBD   ] internal keyboard buffer full, ignoring scancode.(9f)
10368450000i[KBD   ] internal keyboard buffer full, ignoring scancode.(26)
10368450000i[KBD   ] internal keyboard buffer full, ignoring scancode.(a6)
10374480000i[KBD   ] internal keyboard buffer full, ignoring scancode.(20)
10374480000i[KBD   ] internal keyboard buffer full, ignoring scancode.(a0)
10378870000i[KBD   ] internal keyboard buffer full, ignoring scancode.(25)
10378870000i[KBD   ] internal keyboard buffer full, ignoring scancode.(a5)
10381910000i[KBD   ] internal keyboard buffer full, ignoring scancode.(21)
10381910000i[KBD   ] internal keyboard buffer full, ignoring scancode.(a1)
10394700000i[KBD   ] internal keyboard buffer full, ignoring scancode.(27)
10394700000i[KBD   ] internal keyboard buffer full, ignoring scancode.(a7)
10399540000i[KBD   ] internal keyboard buffer full, ignoring scancode.(1f)
10399540000i[KBD   ] internal keyboard buffer full, ignoring scancode.(9f)
10399730000i[KBD   ] internal keyboard buffer full, ignoring scancode.(26)
10399730000i[KBD   ] internal keyboard buffer full, ignoring scancode.(a6)
10403840000i[KBD   ] internal keyboard buffer full, ignoring scancode.(20)
10403840000i[KBD   ] internal keyboard buffer full, ignoring scancode.(a0)
10409880000i[KBD   ] internal keyboard buffer full, ignoring scancode.(21)
10409880000i[KBD   ] internal keyboard buffer full, ignoring scancode.(a1)
10410280000i[KBD   ] internal keyboard buffer full, ignoring scancode.(25)
10410280000i[KBD   ] internal keyboard buffer full, ignoring scancode.(a5)
11455462330p[TERM  ] >>PANIC<< Received SIGHUP: quit simulation
11455462330i[CPU0  ] CPU is in real mode (active)
11455462330i[CPU0  ] CS.mode = 16 bit
11455462330i[CPU0  ] SS.mode = 16 bit
11455462330i[CPU0  ] EFER   = 0x00000000
11455462330i[CPU0  ] | EAX=0000aa55  EBX=00000000  ECX=00090000  EDX=00000080
11455462330i[CPU0  ] | ESP=0000ffd4  EBP=0000ffd4  ESI=000e0000  EDI=0000ffac
11455462330i[CPU0  ] | IOPL=0 id vip vif ac vm rf nt of df if tf SF zf af pf cf
11455462330i[CPU0  ] | SEG sltr(index|ti|rpl)     base    limit G D
11455462330i[CPU0  ] |  CS:0000( 0004| 0|  0) 00000000 0000ffff 0 0
11455462330i[CPU0  ] |  DS:0000( 0005| 0|  0) 00000000 0000ffff 0 0
11455462330i[CPU0  ] |  SS:0000( 0005| 0|  0) 00000000 0000ffff 0 0
11455462330i[CPU0  ] |  ES:0000( 0005| 0|  0) 00000000 0000ffff 0 0
11455462330i[CPU0  ] |  FS:0000( 0005| 0|  0) 00000000 0000ffff 0 0
11455462330i[CPU0  ] |  GS:0000( 0005| 0|  0) 00000000 0000ffff 0 0
11455462330i[CPU0  ] | EIP=00007c03 (00007c03)
11455462330i[CPU0  ] | CR0=0x60000010 CR2=0x00000000
11455462330i[CPU0  ] | CR3=0x00000000 CR4=0x00000000
11455462330i[CPU0  ] 0x00007c03>> jmp .-2 (0x00007c03) : EBFE
11455462330i[CMOS  ] Last time is 1707631792 (Sun Feb 11 06:09:52 2024)
11455462330i[      ] restoring default signal behavior
11455462330i[SIM   ] quit_sim called with exit code 1
